#
# A fatal error has been detected by the Java Runtime Environment:
#
#  EXCEPTION_ACCESS_VIOLATION (0xc0000005) at pc=0x00007ffb10e7c986, pid=14836, tid=15380
#
# JRE version: OpenJDK Runtime Environment Temurin-17.0.6+10 (17.0.6+10) (build 17.0.6+10)
# Java VM: OpenJDK 64-Bit Server VM Temurin-17.0.6+10 (17.0.6+10, mixed mode, emulated-client, tiered, compressed oops, compressed class ptrs, g1 gc, windows-amd64)
# Problematic frame:
# V  [jvm.dll+0xc986]
#
# No core dump will be written. Minidumps are not enabled by default on client versions of Windows
#
# If you would like to submit a bug report, please visit:
#   https://github.com/adoptium/adoptium-support/issues
#

---------------  S U M M A R Y ------------

Command Line: -XX:+HeapDumpOnOutOfMemoryError -Xmx1024m -Dsts.lsp.client=vscode -Dsts.log.file=/dev/null -XX:TieredStopAtLevel=1 -Xlog:jni+resolve=off -Dspring.config.location=file:c:\Users\Administrator\.vscode\extensions\vmware.vscode-spring-boot-1.44.0\language-server\BOOT-INF\classes\application.properties org.springframework.ide.vscode.boot.app.BootLanguageServerBootApp

Host: Intel(R) Core(TM) i7-8700 CPU @ 3.20GHz, 12 cores, 15G,  Windows 10 , 64 bit Build 19041 (10.0.19041.2546)
Time: Wed Mar  8 13:31:27 2023  Windows 10 , 64 bit Build 19041 (10.0.19041.2546) elapsed time: 2.001043 seconds (0d 0h 0m 2s)

---------------  T H R E A D  ---------------

Current thread (0x000001f48c8da880):  GCTaskThread "GC Thread#9" [stack: 0x0000001b7c800000,0x0000001b7c900000] [id=15380]

Stack: [0x0000001b7c800000,0x0000001b7c900000],  sp=0x0000001b7c8ff628,  free space=1021k
Native frames: (J=compiled Java code, j=interpreted, Vv=VM code, C=native code)
V  [jvm.dll+0xc986]


siginfo: EXCEPTION_ACCESS_VIOLATION (0xc0000005), reading address 0x0000000173a39380


Register to memory mapping:

RIP=0x00007ffb10e7c986 jvm.dll
RAX=0x0000000000000002 is an unknown value
RBX=0x0000000000000001 is an unknown value
RCX=0x00000000c10077d0 is pointing into object: [B 
{0x00000000c10077a8} - klass: {type array byte}
 - length: 56
RDX=0x00000000c10077d0 is pointing into object: [B 
{0x00000000c10077a8} - klass: {type array byte}
 - length: 56
RSP=0x0000001b7c8ff628 points into unknown readable memory: 0x00007ffb111763cf | cf 63 17 11 fb 7f 00 00
RBP=0x0000001b7c8ff6a8 points into unknown readable memory: 0x0000000000000000 | 00 00 00 00 00 00 00 00
RSI=0x000001f48cb19630 points into unknown readable memory: 0x00007ffb117c8288 | 88 82 7c 11 fb 7f 00 00
RDI=0x000001f48cb19630 points into unknown readable memory: 0x00007ffb117c8288 | 88 82 7c 11 fb 7f 00 00
R8 =0x00000000c10077d0 is pointing into object: [B 
{0x00000000c10077a8} - klass: {type array byte}
 - length: 56
R9 =0x0000000173a39378 is an unknown value
R10=0x00000000c10077d0 is pointing into object: [B 
{0x00000000c10077a8} - klass: {type array byte}
 - length: 56
R11=0x0000000000000001 is an unknown value
R12=0x000001f48c50f9a8 points into unknown readable memory: 0x88000d004c28ee0e | 0e ee 28 4c 00 0d 00 88
R13=0x00000000c10077d0 is pointing into object: [B 
{0x00000000c10077a8} - klass: {type array byte}
 - length: 56
R14=0x0000000173a39378 is an unknown value
R15=0x0 is NULL


Registers:
RAX=0x0000000000000002, RBX=0x0000000000000001, RCX=0x00000000c10077d0, RDX=0x00000000c10077d0
RSP=0x0000001b7c8ff628, RBP=0x0000001b7c8ff6a8, RSI=0x000001f48cb19630, RDI=0x000001f48cb19630
R8 =0x00000000c10077d0, R9 =0x0000000173a39378, R10=0x00000000c10077d0, R11=0x0000000000000001
R12=0x000001f48c50f9a8, R13=0x00000000c10077d0, R14=0x0000000173a39378, R15=0x0000000000000000
RIP=0x00007ffb10e7c986, EFLAGS=0x0000000000010206

Top of Stack: (sp=0x0000001b7c8ff628)
0x0000001b7c8ff628:   00007ffb111763cf 0000000000000001
0x0000001b7c8ff638:   0000000000000002 0000001b7c8ff6a8
0x0000001b7c8ff648:   0000000000000000 0000000000000001
0x0000001b7c8ff658:   00007ffb00000000 00000000c1000001
0x0000001b7c8ff668:   0000000000000100 000001f400000000
0x0000001b7c8ff678:   0000000000000011 000001f4fd8346a0
0x0000001b7c8ff688:   00007ffb11174c79 0000000000000001
0x0000001b7c8ff698:   0000000000000001 000001f48cb197b0
0x0000001b7c8ff6a8:   0000000000000000 0000000000000040
0x0000001b7c8ff6b8:   00000000000003d8 000001f48c50f9a8
0x0000001b7c8ff6c8:   000001f48cb19630 00000000c09ab44c
0x0000001b7c8ff6d8:   00000000c09ab44d 0000000000000238
0x0000001b7c8ff6e8:   00007ffb11177462 0000000000000000
0x0000001b7c8ff6f8:   00007ffb11170100 000001f48c880001
0x0000001b7c8ff708:   707075732e6f692e 0000001b7c8ff790
0x0000001b7c8ff718:   0000000000000001 0000000000000002 

Instructions: (pc=0x00007ffb10e7c986)
0x00007ffb10e7c886:   cc cc cc cc cc cc cc cc cc cc 4c 8b 01 4c 8b c9
0x00007ffb10e7c896:   48 8b 0d 73 d3 b4 00 ba 64 60 08 00 e9 c9 f1 ff
0x00007ffb10e7c8a6:   ff cc cc cc cc cc cc cc cc cc 8b 05 32 1a af 00
0x00007ffb10e7c8b6:   c3 cc cc cc cc cc cc cc cc cc 0f b6 05 b8 db b5
0x00007ffb10e7c8c6:   00 48 8b d1 84 c0 74 16 44 8b 41 08 8b 0d 10 1a
0x00007ffb10e7c8d6:   af 00 49 d3 e0 4c 03 05 fe 19 af 00 eb 04 4c 8b
0x00007ffb10e7c8e6:   41 08 45 8b 50 08 45 85 d2 7e 0e 41 f6 c2 01 75
0x00007ffb10e7c8f6:   53 41 c1 fa 03 41 8b c2 c3 79 49 84 c0 b9 10 00
0x00007ffb10e7c906:   00 00 8b 05 16 29 af 00 41 b8 0c 00 00 00 41 0f
0x00007ffb10e7c916:   45 c8 ff c8 4c 63 c8 48 63 14 11 41 8b ca 83 e1
0x00007ffb10e7c926:   3f 48 d3 e2 41 8b ca 48 c1 f9 10 0f b6 c1 49 8d
0x00007ffb10e7c936:   0c 11 49 f7 d1 48 03 c1 49 c1 e9 03 48 c1 e8 03
0x00007ffb10e7c946:   41 23 c1 c3 49 8b 00 49 8b c8 48 ff a0 00 01 00
0x00007ffb10e7c956:   00 cc cc cc cc cc cc cc cc cc 8b 44 24 30 45 03
0x00007ffb10e7c966:   c9 44 2b 4c 24 28 83 c0 0b 44 03 ca 45 03 c8 41
0x00007ffb10e7c976:   03 c1 c3 cc cc cc cc cc cc cc 4c 8b ca 48 8b d1
0x00007ffb10e7c986:   45 8b 41 08 45 85 c0 7e 0e 41 f6 c0 01 75 56 41
0x00007ffb10e7c996:   c1 f8 03 41 8b c0 c3 79 4c 80 3d d9 da b5 00 00
0x00007ffb10e7c9a6:   b8 0c 00 00 00 b9 10 00 00 00 0f 45 c8 8b 05 6b
0x00007ffb10e7c9b6:   28 af 00 ff c8 4c 63 c8 48 63 14 11 41 8b c8 83
0x00007ffb10e7c9c6:   e1 3f 48 d3 e2 41 8b c8 48 c1 f9 10 0f b6 c1 49
0x00007ffb10e7c9d6:   8d 0c 11 49 f7 d1 48 03 c1 49 c1 e9 03 48 c1 e8
0x00007ffb10e7c9e6:   03 41 23 c1 c3 49 8b 01 49 8b c9 48 ff a0 00 01
0x00007ffb10e7c9f6:   00 00 cc cc cc cc cc cc cc cc 48 8b 41 08 0f b7
0x00007ffb10e7ca06:   48 2a 0f b7 40 28 83 c0 48 03 c1 c3 cc cc cc cc
0x00007ffb10e7ca16:   cc cc cc cc cc cc cc cc cc cc 48 89 5c 24 08 57
0x00007ffb10e7ca26:   48 83 ec 20 0f b6 05 bf b7 b9 00 48 8b fa 48 8b
0x00007ffb10e7ca36:   d9 84 c0 74 4f 48 85 15 d6 af b9 00 74 38 48 8b
0x00007ffb10e7ca46:   ca e8 94 8b 85 00 48 8b d0 48 85 db 74 25 48 85
0x00007ffb10e7ca56:   c0 74 20 48 8b c7 f0 48 0f b1 13 74 16 48 85 05
0x00007ffb10e7ca66:   ae af b9 00 74 0d 48 8b c8 f0 48 0f b1 13 48 3b
0x00007ffb10e7ca76:   c1 75 ea 48 8b fa 48 8b c7 48 8b 5c 24 30 48 83 


Stack slot to memory mapping:
stack at sp + 0 slots: 0x00007ffb111763cf jvm.dll
stack at sp + 1 slots: 0x0000000000000001 is an unknown value
stack at sp + 2 slots: 0x0000000000000002 is an unknown value
stack at sp + 3 slots: 0x0000001b7c8ff6a8 points into unknown readable memory: 0x0000000000000000 | 00 00 00 00 00 00 00 00
stack at sp + 4 slots: 0x0 is NULL
stack at sp + 5 slots: 0x0000000000000001 is an unknown value
stack at sp + 6 slots: 0x00007ffb00000000 is an unknown value
stack at sp + 7 slots: 0x00000000c1000001 is pointing into object: java.lang.Class 
{0x00000000c1000000} - klass: 'java/lang/Class'
 - ---- fields (total size 14 words):
 - private volatile transient 'classRedefinedCount' 'I' @12  0
 - private volatile transient 'cachedConstructor' 'Ljava/lang/reflect/Constructor;' @40  NULL (0)
 - private transient 'name' 'Ljava/lang/String;' @44  "org.springframework.beans.factory.xml.DocumentLoader"{0x00000000c1000508} (c1000508)
 - private transient 'module' 'Ljava/lang/Module;' @48  a 'java/lang/Module'{0x00000000c04d70f8} (c04d70f8)
 - private final 'classLoader' 'Ljava/lang/ClassLoader;' @52  a 'jdk/internal/loader/ClassLoaders$AppClassLoader'{0x00000000c04d7f08} (c04d7f08)
 - private transient 'classData' 'Ljava/lang/Object;' @56  NULL (0)
 - private transient 'packageName' 'Ljava/lang/String;' @60  "org.springframework.beans.factory.xml"{0x00000000c1283f30} (c1283f30)
 - private final 'componentType' 'Ljava/lang/Class;' @64  [I{0x00000000c1000568} (c1000568)
 - private volatile transient 'reflectionData' 'Ljava/lang/ref/SoftReference;' @68  NULL (0)
 - private volatile transient 'genericInfo' 'Lsun/reflect/generics/repository/ClassRepository;' @72  NULL (0)
 - private volatile transient 'enumConstants' '[Ljava/lang/Object;' @76  NULL (0)
 - private volatile transient 'enumConstantDirectory' 'Ljava/util/Map;' @80  NULL (0)
 - private volatile transient 'annotationData' 'Ljava/lang/Class$AnnotationData;' @84  NULL (0)
 - private volatile transient 'annotationType' 'Lsun/reflect/annotation/AnnotationType;' @88  NULL (0)
 - transient 'classValueMap' 'Ljava/lang/ClassValue$ClassValueMap;' @92  NULL (0)
 - signature: Lorg/springframework/beans/factory/xml/DocumentLoader;
 - fake entry for mirror: 'org/springframework/beans/factory/xml/DocumentLoader'
 - fake entry for array: NULL
 - fake entry for oop_size: 14
 - fake entry for static_oop_field_count: 0


---------------  P R O C E S S  ---------------

Threads class SMR info:
_java_thread_list=0x000001f48c7d3f30, length=14, elements={
0x000001f4ffa430f0, 0x000001f48b83a390, 0x000001f48b83b110, 0x000001f48b868010,
0x000001f48b868b90, 0x000001f48b892940, 0x000001f48b893200, 0x000001f48b893b70,
0x000001f48b895090, 0x000001f48ba86940, 0x000001f48ba93ad0, 0x000001f48ba977c0,
0x000001f48c7a11f0, 0x000001f48c7a2170
}

Java Threads: ( => current thread )
  0x000001f4ffa430f0 JavaThread "main" [_thread_blocked, id=1068, stack(0x0000001b7aa00000,0x0000001b7ab00000)]
  0x000001f48b83a390 JavaThread "Reference Handler" daemon [_thread_blocked, id=14292, stack(0x0000001b7b100000,0x0000001b7b200000)]
  0x000001f48b83b110 JavaThread "Finalizer" daemon [_thread_blocked, id=3828, stack(0x0000001b7b200000,0x0000001b7b300000)]
  0x000001f48b868010 JavaThread "Signal Dispatcher" daemon [_thread_blocked, id=16172, stack(0x0000001b7b300000,0x0000001b7b400000)]
  0x000001f48b868b90 JavaThread "Attach Listener" daemon [_thread_blocked, id=10672, stack(0x0000001b7b400000,0x0000001b7b500000)]
  0x000001f48b892940 JavaThread "Service Thread" daemon [_thread_blocked, id=14528, stack(0x0000001b7b500000,0x0000001b7b600000)]
  0x000001f48b893200 JavaThread "Monitor Deflation Thread" daemon [_thread_blocked, id=3852, stack(0x0000001b7b600000,0x0000001b7b700000)]
  0x000001f48b893b70 JavaThread "C1 CompilerThread0" daemon [_thread_blocked, id=3092, stack(0x0000001b7b700000,0x0000001b7b800000)]
  0x000001f48b895090 JavaThread "Sweeper thread" daemon [_thread_blocked, id=15196, stack(0x0000001b7b800000,0x0000001b7b900000)]
  0x000001f48ba86940 JavaThread "C1 CompilerThread1" daemon [_thread_blocked, id=14656, stack(0x0000001b7b900000,0x0000001b7ba00000)]
  0x000001f48ba93ad0 JavaThread "Notification Thread" daemon [_thread_blocked, id=11620, stack(0x0000001b7ba00000,0x0000001b7bb00000)]
  0x000001f48ba977c0 JavaThread "Common-Cleaner" daemon [_thread_blocked, id=10964, stack(0x0000001b7bc00000,0x0000001b7bd00000)]
  0x000001f48c7a11f0 JavaThread "C1 CompilerThread2" daemon [_thread_blocked, id=14588, stack(0x0000001b7c600000,0x0000001b7c700000)]
  0x000001f48c7a2170 JavaThread "C1 CompilerThread3" daemon [_thread_blocked, id=3688, stack(0x0000001b7c700000,0x0000001b7c800000)]

Other Threads:
  0x000001f48b825a50 VMThread "VM Thread" [stack: 0x0000001b7b000000,0x0000001b7b100000] [id=12820]
  0x000001f4ffa9aac0 WatcherThread [stack: 0x0000001b7bb00000,0x0000001b7bc00000] [id=14428]
  0x000001f4ffa84cd0 GCTaskThread "GC Thread#0" [stack: 0x0000001b7ab00000,0x0000001b7ac00000] [id=784]
  0x000001f48c4fdfe0 GCTaskThread "GC Thread#1" [stack: 0x0000001b7bd00000,0x0000001b7be00000] [id=10780]
  0x000001f48c4fe290 GCTaskThread "GC Thread#2" [stack: 0x0000001b7be00000,0x0000001b7bf00000] [id=14644]
  0x000001f48c4fe540 GCTaskThread "GC Thread#3" [stack: 0x0000001b7bf00000,0x0000001b7c000000] [id=12124]
  0x000001f48c4ff8f0 GCTaskThread "GC Thread#4" [stack: 0x0000001b7c000000,0x0000001b7c100000] [id=15216]
  0x000001f48c4ffba0 GCTaskThread "GC Thread#5" [stack: 0x0000001b7c100000,0x0000001b7c200000] [id=6168]
  0x000001f48c7789b0 GCTaskThread "GC Thread#6" [stack: 0x0000001b7c200000,0x0000001b7c300000] [id=16052]
  0x000001f48c778c60 GCTaskThread "GC Thread#7" [stack: 0x0000001b7c300000,0x0000001b7c400000] [id=15876]
  0x000001f48c778f10 GCTaskThread "GC Thread#8" [stack: 0x0000001b7c400000,0x0000001b7c500000] [id=15616]
=>0x000001f48c8da880 GCTaskThread "GC Thread#9" [stack: 0x0000001b7c800000,0x0000001b7c900000] [id=15380]
  0x000001f4ffa8dc10 ConcurrentGCThread "G1 Main Marker" [stack: 0x0000001b7ac00000,0x0000001b7ad00000] [id=4092]
  0x000001f4ffa8e620 ConcurrentGCThread "G1 Conc#0" [stack: 0x0000001b7ad00000,0x0000001b7ae00000] [id=6568]
  0x000001f48c8dade0 ConcurrentGCThread "G1 Conc#1" [stack: 0x0000001b7c900000,0x0000001b7ca00000] [id=11648]
  0x000001f48c8dbb50 ConcurrentGCThread "G1 Conc#2" [stack: 0x0000001b7ca00000,0x0000001b7cb00000] [id=4204]
  0x000001f48abf25f0 ConcurrentGCThread "G1 Refine#0" [stack: 0x0000001b7ae00000,0x0000001b7af00000] [id=14668]
  0x000001f48abf3e30 ConcurrentGCThread "G1 Service" [stack: 0x0000001b7af00000,0x0000001b7b000000] [id=5748]

Threads with active compile tasks:

VM state: at safepoint (normal execution)

VM Mutex/Monitor currently owned by a thread:  ([mutex/lock_event])
[0x000001f4fd85df90] Threads_lock - owner thread: 0x000001f48b825a50
[0x000001f4fd859c70] Heap_lock - owner thread: 0x000001f4ffa430f0

Heap address: 0x00000000c0000000, size: 1024 MB, Compressed Oops mode: 32-bit

CDS archive(s) not mapped
Compressed class space mapped at: 0x0000000100000000-0x0000000140000000, reserved size: 1073741824
Narrow klass base: 0x0000000000000000, Narrow klass shift: 3, Narrow klass range: 0x140000000

GC Precious Log:
 CPUs: 12 total, 12 available
 Memory: 16301M
 Large Page Support: Disabled
 NUMA Support: Disabled
 Compressed Oops: Enabled (32-bit)
 Heap Region Size: 1M
 Heap Min Capacity: 8M
 Heap Initial Capacity: 256M
 Heap Max Capacity: 1G
 Pre-touch: Disabled
 Parallel Workers: 10
 Concurrent Workers: 3
 Concurrent Refinement Workers: 10
 Periodic GC: Disabled

Heap:
 garbage-first heap   total 48128K, used 32650K [0x00000000c0000000, 0x0000000100000000)
  region size 1024K, 20 young (20480K), 2 survivors (2048K)
 Metaspace       used 28233K, committed 28544K, reserved 1081344K
  class space    used 3572K, committed 3712K, reserved 1048576K

Heap Regions: E=young(eden), S=young(survivor), O=old, HS=humongous(starts), HC=humongous(continues), CS=collection set, F=free, OA=open archive, CA=closed archive, TAMS=top-at-mark-start (previous, next)
|   0|0x00000000c0000000, 0x00000000c0100000, 0x00000000c0100000|100%| O|  |TAMS 0x00000000c0100000, 0x00000000c0000000| Untracked 
|   1|0x00000000c0100000, 0x00000000c0200000, 0x00000000c0200000|100%| O|  |TAMS 0x00000000c0200000, 0x00000000c0100000| Untracked 
|   2|0x00000000c0200000, 0x00000000c0300000, 0x00000000c0300000|100%| O|  |TAMS 0x00000000c0300000, 0x00000000c0200000| Untracked 
|   3|0x00000000c0300000, 0x00000000c0400000, 0x00000000c0400000|100%| O|  |TAMS 0x00000000c0400000, 0x00000000c0300000| Untracked 
|   4|0x00000000c0400000, 0x00000000c0500000, 0x00000000c0500000|100%| O|  |TAMS 0x00000000c0500000, 0x00000000c0400000| Untracked 
|   5|0x00000000c0500000, 0x00000000c0600000, 0x00000000c0600000|100%| O|  |TAMS 0x00000000c0600000, 0x00000000c0500000| Untracked 
|   6|0x00000000c0600000, 0x00000000c0700000, 0x00000000c0700000|100%| O|  |TAMS 0x00000000c0700000, 0x00000000c0600000| Untracked 
|   7|0x00000000c0700000, 0x00000000c07e2800, 0x00000000c0800000| 88%| O|  |TAMS 0x00000000c07e2800, 0x00000000c0700000| Untracked 
|   8|0x00000000c0800000, 0x00000000c0900000, 0x00000000c0900000|100%| O|  |TAMS 0x00000000c0800000, 0x00000000c0800000| Untracked 
|   9|0x00000000c0900000, 0x00000000c0a00000, 0x00000000c0a00000|100%| O|  |TAMS 0x00000000c0900000, 0x00000000c0900000| Untracked 
|  10|0x00000000c0a00000, 0x00000000c0b00000, 0x00000000c0b00000|100%| O|  |TAMS 0x00000000c0a00000, 0x00000000c0a00000| Untracked 
|  11|0x00000000c0b00000, 0x00000000c0c00000, 0x00000000c0c00000|100%| O|  |TAMS 0x00000000c0b00000, 0x00000000c0b00000| Untracked 
|  12|0x00000000c0c00000, 0x00000000c0c0b9a0, 0x00000000c0d00000|  4%| O|  |TAMS 0x00000000c0c00000, 0x00000000c0c00000| Untracked 
|  13|0x00000000c0d00000, 0x00000000c0e00000, 0x00000000c0e00000|100%| E|CS|TAMS 0x00000000c0d00000, 0x00000000c0d00000| Complete 
|  14|0x00000000c0e00000, 0x00000000c0f00000, 0x00000000c0f00000|100%| E|CS|TAMS 0x00000000c0e00000, 0x00000000c0e00000| Complete 
|  15|0x00000000c0f00000, 0x00000000c1000000, 0x00000000c1000000|100%| E|CS|TAMS 0x00000000c0f00000, 0x00000000c0f00000| Complete 
|  16|0x00000000c1000000, 0x00000000c1100000, 0x00000000c1100000|100%| E|CS|TAMS 0x00000000c1000000, 0x00000000c1000000| Complete 
|  17|0x00000000c1100000, 0x00000000c1200000, 0x00000000c1200000|100%| E|CS|TAMS 0x00000000c1100000, 0x00000000c1100000| Complete 
|  18|0x00000000c1200000, 0x00000000c1300000, 0x00000000c1300000|100%| E|CS|TAMS 0x00000000c1200000, 0x00000000c1200000| Complete 
|  19|0x00000000c1300000, 0x00000000c1300000, 0x00000000c1400000|  0%| F|  |TAMS 0x00000000c1300000, 0x00000000c1300000| Untracked 
|  20|0x00000000c1400000, 0x00000000c1400000, 0x00000000c1500000|  0%| F|  |TAMS 0x00000000c1400000, 0x00000000c1400000| Untracked 
|  21|0x00000000c1500000, 0x00000000c1500000, 0x00000000c1600000|  0%| F|  |TAMS 0x00000000c1500000, 0x00000000c1500000| Untracked 
|  22|0x00000000c1600000, 0x00000000c1600000, 0x00000000c1700000|  0%| F|  |TAMS 0x00000000c1600000, 0x00000000c1600000| Untracked 
|  23|0x00000000c1700000, 0x00000000c1700000, 0x00000000c1800000|  0%| F|  |TAMS 0x00000000c1700000, 0x00000000c1700000| Untracked 
|  24|0x00000000c1800000, 0x00000000c1800000, 0x00000000c1900000|  0%| F|  |TAMS 0x00000000c1800000, 0x00000000c1800000| Untracked 
|  25|0x00000000c1900000, 0x00000000c1900000, 0x00000000c1a00000|  0%| F|  |TAMS 0x00000000c1900000, 0x00000000c1900000| Untracked 
|  26|0x00000000c1a00000, 0x00000000c1a00000, 0x00000000c1b00000|  0%| F|  |TAMS 0x00000000c1a00000, 0x00000000c1a00000| Untracked 
|  27|0x00000000c1b00000, 0x00000000c1bb5500, 0x00000000c1c00000| 70%| S|  |TAMS 0x00000000c1b00000, 0x00000000c1b00000| Complete 
|  28|0x00000000c1c00000, 0x00000000c1d00000, 0x00000000c1d00000|100%| S|  |TAMS 0x00000000c1c00000, 0x00000000c1c00000| Complete 
|  29|0x00000000c1d00000, 0x00000000c1e00000, 0x00000000c1e00000|100%| E|CS|TAMS 0x00000000c1d00000, 0x00000000c1d00000| Complete 
|  30|0x00000000c1e00000, 0x00000000c1f00000, 0x00000000c1f00000|100%| E|CS|TAMS 0x00000000c1e00000, 0x00000000c1e00000| Complete 
|  31|0x00000000c1f00000, 0x00000000c2000000, 0x00000000c2000000|100%| E|CS|TAMS 0x00000000c1f00000, 0x00000000c1f00000| Complete 
|  32|0x00000000c2000000, 0x00000000c2100000, 0x00000000c2100000|100%| E|CS|TAMS 0x00000000c2000000, 0x00000000c2000000| Complete 
|  33|0x00000000c2100000, 0x00000000c2200000, 0x00000000c2200000|100%| E|CS|TAMS 0x00000000c2100000, 0x00000000c2100000| Complete 
|  34|0x00000000c2200000, 0x00000000c2300000, 0x00000000c2300000|100%| E|CS|TAMS 0x00000000c2200000, 0x00000000c2200000| Complete 
|  35|0x00000000c2300000, 0x00000000c2400000, 0x00000000c2400000|100%| E|CS|TAMS 0x00000000c2300000, 0x00000000c2300000| Complete 
|  36|0x00000000c2400000, 0x00000000c2500000, 0x00000000c2500000|100%| E|CS|TAMS 0x00000000c2400000, 0x00000000c2400000| Complete 
|  37|0x00000000c2500000, 0x00000000c2600000, 0x00000000c2600000|100%| E|CS|TAMS 0x00000000c2500000, 0x00000000c2500000| Complete 
|  38|0x00000000c2600000, 0x00000000c2700000, 0x00000000c2700000|100%| E|CS|TAMS 0x00000000c2600000, 0x00000000c2600000| Complete 
|  39|0x00000000c2700000, 0x00000000c2800000, 0x00000000c2800000|100%| E|CS|TAMS 0x00000000c2700000, 0x00000000c2700000| Complete 
|  40|0x00000000c2800000, 0x00000000c2900000, 0x00000000c2900000|100%| E|CS|TAMS 0x00000000c2800000, 0x00000000c2800000| Complete 
| 229|0x00000000ce500000, 0x00000000ce600000, 0x00000000ce600000|100%| E|CS|TAMS 0x00000000ce500000, 0x00000000ce500000| Complete 
| 230|0x00000000ce600000, 0x00000000ce700000, 0x00000000ce700000|100%| E|CS|TAMS 0x00000000ce600000, 0x00000000ce600000| Complete 
| 231|0x00000000ce700000, 0x00000000ce800000, 0x00000000ce800000|100%| E|CS|TAMS 0x00000000ce700000, 0x00000000ce700000| Complete 
| 232|0x00000000ce800000, 0x00000000ce900000, 0x00000000ce900000|100%| E|CS|TAMS 0x00000000ce800000, 0x00000000ce800000| Complete 
| 233|0x00000000ce900000, 0x00000000cea00000, 0x00000000cea00000|100%| E|CS|TAMS 0x00000000ce900000, 0x00000000ce900000| Complete 
| 255|0x00000000cff00000, 0x00000000d0000000, 0x00000000d0000000|100%| E|CS|TAMS 0x00000000cff00000, 0x00000000cff00000| Complete 

Card table byte_map: [0x000001f485dc0000,0x000001f485fc0000] _byte_map_base: 0x000001f4857c0000

Marking Bits (Prev, Next): (CMBitMap*) 0x000001f4ffa85320, (CMBitMap*) 0x000001f4ffa852e0
 Prev Bits: [0x000001f4871c0000, 0x000001f4881c0000)
 Next Bits: [0x000001f4861c0000, 0x000001f4871c0000)

Polling page: 0x000001f4ff210000

Metaspace:

Usage:
  Non-class:     24.08 MB used.
      Class:      3.49 MB used.
       Both:     27.57 MB used.

Virtual space:
  Non-class space:       32.00 MB reserved,      24.25 MB ( 76%) committed,  4 nodes.
      Class space:        1.00 GB reserved,       3.62 MB ( <1%) committed,  1 nodes.
             Both:        1.03 GB reserved,      27.88 MB (  3%) committed. 

Chunk freelists:
   Non-Class:  3.33 MB
       Class:  400.00 KB
        Both:  3.72 MB

MaxMetaspaceSize: unlimited
CompressedClassSpaceSize: 1.00 GB
Initial GC threshold: 21.00 MB
Current GC threshold: 35.12 MB
CDS: off
MetaspaceReclaimPolicy: balanced
 - commit_granule_bytes: 65536.
 - commit_granule_words: 8192.
 - virtual_space_node_default_size: 1048576.
 - enlarge_chunks_in_place: 1.
 - new_chunks_are_fully_committed: 0.
 - uncommit_free_chunks: 1.
 - use_allocation_guard: 0.
 - handle_deallocations: 1.


Internal statistics:

num_allocs_failed_limit: 3.
num_arena_births: 352.
num_arena_deaths: 0.
num_vsnodes_births: 5.
num_vsnodes_deaths: 0.
num_space_committed: 446.
num_space_uncommitted: 0.
num_chunks_returned_to_freelist: 3.
num_chunks_taken_from_freelist: 1074.
num_chunk_merges: 0.
num_chunk_splits: 734.
num_chunks_enlarged: 552.
num_purges: 0.
num_inconsistent_stats: 0.

CodeCache: size=49152Kb used=6857Kb max_used=6857Kb free=42294Kb
 bounds [0x000001f482bc0000, 0x000001f483280000, 0x000001f485bc0000]
 total_blobs=3172 nmethods=2665 adapters=430
 compilation: enabled
              stopped_count=0, restarted_count=0
 full_count=0

Compilation events (20 events):
Event: 1.975 Thread 0x000001f48ba86940 nmethod 2655 0x000001f48326d610 code [0x000001f48326d7e0, 0x000001f48326da88]
Event: 1.975 Thread 0x000001f48b893b70 nmethod 2656 0x000001f48326dc10 code [0x000001f48326de80, 0x000001f48326e4a8]
Event: 1.975 Thread 0x000001f48b893b70 2657       1       org.springframework.util.ConcurrentReferenceHashMap::put (8 bytes)
Event: 1.975 Thread 0x000001f48c7a11f0 2658       1       java.lang.reflect.Field::getDeclaringClass (5 bytes)
Event: 1.975 Thread 0x000001f48c7a11f0 nmethod 2658 0x000001f48326ea90 code [0x000001f48326ec20, 0x000001f48326ecf8]
Event: 1.975 Thread 0x000001f48b893b70 nmethod 2657 0x000001f48326ed90 code [0x000001f48326ef60, 0x000001f48326f448]
Event: 1.976 Thread 0x000001f48b893b70 2659       1       java.lang.reflect.Executable::equalParamTypes (36 bytes)
Event: 1.976 Thread 0x000001f48b893b70 nmethod 2659 0x000001f48326f690 code [0x000001f48326f840, 0x000001f48326f9d8]
Event: 1.976 Thread 0x000001f48b893b70 2660       1       org.springframework.core.annotation.MergedAnnotations::from (9 bytes)
Event: 1.976 Thread 0x000001f48ba86940 2661       1       org.springframework.core.BridgeMethodResolver::isVisibilityBridgeMethodPair (52 bytes)
Event: 1.976 Thread 0x000001f48b893b70 nmethod 2660 0x000001f48326fb10 code [0x000001f48326fca0, 0x000001f48326fd88]
Event: 1.977 Thread 0x000001f48ba86940 nmethod 2661 0x000001f48326fe90 code [0x000001f483270060, 0x000001f4832702a8]
Event: 1.977 Thread 0x000001f48ba86940 2662       1       java.lang.reflect.Proxy::newProxyInstance (35 bytes)
Event: 1.977 Thread 0x000001f48c7a11f0 2663       1       java.lang.reflect.Proxy::getProxyConstructor (92 bytes)
Event: 1.977 Thread 0x000001f48b893b70 2664   !   1       java.lang.reflect.Proxy::newProxyInstance (75 bytes)
Event: 1.977 Thread 0x000001f48c7a2170 2665       1       java.lang.reflect.Proxy::<init> (15 bytes)
Event: 1.977 Thread 0x000001f48c7a2170 nmethod 2665 0x000001f483270490 code [0x000001f483270620, 0x000001f4832707e8]
Event: 1.977 Thread 0x000001f48ba86940 nmethod 2662 0x000001f483270890 code [0x000001f483270a60, 0x000001f483270c38]
Event: 1.977 Thread 0x000001f48b893b70 nmethod 2664 0x000001f483270d90 code [0x000001f483270fa0, 0x000001f4832714f8]
Event: 1.978 Thread 0x000001f48c7a11f0 nmethod 2663 0x000001f483271910 code [0x000001f483271b40, 0x000001f483272318]

GC Heap History (9 events):
Event: 0.652 GC heap before
{Heap before GC invocations=0 (full 0):
 garbage-first heap   total 262144K, used 22528K [0x00000000c0000000, 0x0000000100000000)
  region size 1024K, 23 young (23552K), 0 survivors (0K)
 Metaspace       used 9272K, committed 9408K, reserved 1064960K
  class space    used 1095K, committed 1152K, reserved 1048576K
}
Event: 0.656 GC heap after
{Heap after GC invocations=1 (full 0):
 garbage-first heap   total 262144K, used 7993K [0x00000000c0000000, 0x0000000100000000)
  region size 1024K, 3 young (3072K), 3 survivors (3072K)
 Metaspace       used 9272K, committed 9408K, reserved 1064960K
  class space    used 1095K, committed 1152K, reserved 1048576K
}
Event: 1.078 GC heap before
{Heap before GC invocations=1 (full 0):
 garbage-first heap   total 262144K, used 32569K [0x00000000c0000000, 0x0000000100000000)
  region size 1024K, 28 young (28672K), 3 survivors (3072K)
 Metaspace       used 16538K, committed 16704K, reserved 1064960K
  class space    used 2060K, committed 2112K, reserved 1048576K
}
Event: 1.081 GC heap after
{Heap after GC invocations=2 (full 0):
 garbage-first heap   total 262144K, used 11041K [0x00000000c0000000, 0x0000000100000000)
  region size 1024K, 3 young (3072K), 3 survivors (3072K)
 Metaspace       used 16538K, committed 16704K, reserved 1064960K
  class space    used 2060K, committed 2112K, reserved 1048576K
}
Event: 1.266 GC heap before
{Heap before GC invocations=2 (full 0):
 garbage-first heap   total 262144K, used 32545K [0x00000000c0000000, 0x0000000100000000)
  region size 1024K, 25 young (25600K), 3 survivors (3072K)
 Metaspace       used 21301K, committed 21504K, reserved 1073152K
  class space    used 2604K, committed 2688K, reserved 1048576K
}
Event: 1.270 GC heap after
{Heap after GC invocations=3 (full 0):
 garbage-first heap   total 262144K, used 12650K [0x00000000c0000000, 0x0000000100000000)
  region size 1024K, 5 young (5120K), 5 survivors (5120K)
 Metaspace       used 21301K, committed 21504K, reserved 1073152K
  class space    used 2604K, committed 2688K, reserved 1048576K
}
Event: 1.499 GC heap before
{Heap before GC invocations=4 (full 0):
 garbage-first heap   total 48128K, used 35178K [0x00000000c0000000, 0x0000000100000000)
  region size 1024K, 28 young (28672K), 5 survivors (5120K)
 Metaspace       used 24958K, committed 25216K, reserved 1073152K
  class space    used 3099K, committed 3200K, reserved 1048576K
}
Event: 1.504 GC heap after
{Heap after GC invocations=5 (full 0):
 garbage-first heap   total 48128K, used 14218K [0x00000000c0000000, 0x0000000100000000)
  region size 1024K, 6 young (6144K), 6 survivors (6144K)
 Metaspace       used 24958K, committed 25216K, reserved 1073152K
  class space    used 3099K, committed 3200K, reserved 1048576K
}
Event: 1.986 GC heap before
{Heap before GC invocations=5 (full 0):
 garbage-first heap   total 48128K, used 32650K [0x00000000c0000000, 0x0000000100000000)
  region size 1024K, 24 young (24576K), 6 survivors (6144K)
 Metaspace       used 28233K, committed 28544K, reserved 1081344K
  class space    used 3572K, committed 3712K, reserved 1048576K
}

Dll operation events (6 events):
Event: 0.010 Loaded shared library c:\Users\Administrator\.vscode\extensions\redhat.java-1.15.0-win32-x64\jre\17.0.6-win32-x86_64\bin\java.dll
Event: 0.188 Loaded shared library C:\Users\Administrator\.vscode\extensions\redhat.java-1.15.0-win32-x64\jre\17.0.6-win32-x86_64\bin\net.dll
Event: 0.191 Loaded shared library C:\Users\Administrator\.vscode\extensions\redhat.java-1.15.0-win32-x64\jre\17.0.6-win32-x86_64\bin\nio.dll
Event: 0.199 Loaded shared library C:\Users\Administrator\.vscode\extensions\redhat.java-1.15.0-win32-x64\jre\17.0.6-win32-x86_64\bin\zip.dll
Event: 0.321 Loaded shared library C:\Users\Administrator\.vscode\extensions\redhat.java-1.15.0-win32-x64\jre\17.0.6-win32-x86_64\bin\jimage.dll
Event: 0.406 Loaded shared library c:\Users\Administrator\.vscode\extensions\redhat.java-1.15.0-win32-x64\jre\17.0.6-win32-x86_64\bin\verify.dll

Deoptimization events (4 events):
Event: 1.264 Thread 0x000001f4ffa430f0 DEOPT PACKING pc=0x000001f483147699 sp=0x0000001b7aafd400
Event: 1.264 Thread 0x000001f4ffa430f0 DEOPT UNPACKING pc=0x000001f482c17143 sp=0x0000001b7aafc8e0 mode 3
Event: 1.888 Thread 0x000001f4ffa430f0 DEOPT PACKING pc=0x000001f48326299d sp=0x0000001b7aafa7d0
Event: 1.888 Thread 0x000001f4ffa430f0 DEOPT UNPACKING pc=0x000001f482c17143 sp=0x0000001b7aaf9ce8 mode 3

Classes unloaded (0 events):
No events

Classes redefined (0 events):
No events

Internal exceptions (20 events):
Event: 1.665 Thread 0x000001f4ffa430f0 Exception <a 'java/lang/NoSuchMethodError'{0x00000000c286cf88}: 'java.lang.Object java.lang.invoke.DirectMethodHandle$Holder.invokeSpecial(java.lang.Object, java.lang.Object, java.lang.Object, java.lang.Object, java.lang.Object, java.lang.Object, java.lang.Object, java.lang.Object, java.lang.Object)'> (0x00000000c286cf88) 
thrown [s\src\hotspot\share\interpreter\linkResolver.cpp, line 759]
Event: 1.668 Thread 0x000001f4ffa430f0 Exception <a 'java/lang/NoSuchMethodError'{0x00000000c28939d0}: 'java.lang.Object java.lang.invoke.DirectMethodHandle$Holder.invokeSpecial(java.lang.Object, java.lang.Object, java.lang.Object, java.lang.Object, java.lang.Object, java.lang.Object, java.lang.Object, java.lang.Object, java.lang.Object, java.lang.Object, java.lang.Object, java.lang.Object, java.lang.Object, java.lang.Object)'> (0x00000000c28939d0) 
thrown [s\src\hotspot\share\interpreter\linkResolver.cpp, line 759]
Event: 1.668 Thread 0x000001f4ffa430f0 Exception <a 'java/lang/NoSuchMethodError'{0x00000000c28986a0}: 'java.lang.Object java.lang.invoke.Invokers$Holder.invoker(java.lang.Object, java.lang.Object, java.lang.Object, java.lang.Object, java.lang.Object, java.lang.Object, java.lang.Object, java.lang.Object, java.lang.Object, java.lang.Object, java.lang.Object, java.lang.Object, java.lang.Object, java.lang.Object)'> (0x00000000c28986a0) 
thrown [s\src\hotspot\share\interpreter\linkResolver.cpp, line 759]
Event: 1.669 Thread 0x000001f4ffa430f0 Exception <a 'java/lang/NoSuchMethodError'{0x00000000c289e310}: 'java.lang.Object java.lang.invoke.DirectMethodHandle$Holder.invokeSpecial(java.lang.Object, java.lang.Object, java.lang.Object, java.lang.Object, java.lang.Object, java.lang.Object, java.lang.Object, java.lang.Object, java.lang.Object, java.lang.Object, java.lang.Object, java.lang.Object, java.lang.Object, java.lang.Object, java.lang.Object)'> (0x00000000c289e310) 
thrown [s\src\hotspot\share\interpreter\linkResolver.cpp, line 759]
Event: 1.670 Thread 0x000001f4ffa430f0 Exception <a 'java/lang/NoSuchMethodError'{0x00000000c28adf78}: 'int java.lang.invoke.DirectMethodHandle$Holder.invokeVirtual(java.lang.Object, java.lang.Object, java.lang.Object)'> (0x00000000c28adf78) 
thrown [s\src\hotspot\share\interpreter\linkResolver.cpp, line 759]
Event: 1.671 Thread 0x000001f4ffa430f0 Exception <a 'java/lang/NoSuchMethodError'{0x00000000c28b2448}: 'int java.lang.invoke.DirectMethodHandle$Holder.invokeStaticInit(java.lang.Object, int, int)'> (0x00000000c28b2448) 
thrown [s\src\hotspot\share\interpreter\linkResolver.cpp, line 759]
Event: 1.672 Thread 0x000001f4ffa430f0 Exception <a 'java/lang/NoSuchMethodError'{0x00000000c28b9d58}: 'int java.lang.invoke.DirectMethodHandle$Holder.invokeStaticInit(java.lang.Object, long, long)'> (0x00000000c28b9d58) 
thrown [s\src\hotspot\share\interpreter\linkResolver.cpp, line 759]
Event: 1.672 Thread 0x000001f4ffa430f0 Exception <a 'java/lang/NoSuchMethodError'{0x00000000c28c0ba8}: 'int java.lang.invoke.DirectMethodHandle$Holder.invokeStaticInit(java.lang.Object, float, float)'> (0x00000000c28c0ba8) 
thrown [s\src\hotspot\share\interpreter\linkResolver.cpp, line 759]
Event: 1.672 Thread 0x000001f4ffa430f0 Exception <a 'java/lang/NoSuchMethodError'{0x00000000c28c7a00}: 'int java.lang.invoke.DirectMethodHandle$Holder.invokeStaticInit(java.lang.Object, double, double)'> (0x00000000c28c7a00) 
thrown [s\src\hotspot\share\interpreter\linkResolver.cpp, line 759]
Event: 1.673 Thread 0x000001f4ffa430f0 Exception <a 'java/lang/NoSuchMethodError'{0x00000000c28cbfd0}: 'int java.lang.invoke.DirectMethodHandle$Holder.invokeStatic(java.lang.Object, long)'> (0x00000000c28cbfd0) 
thrown [s\src\hotspot\share\interpreter\linkResolver.cpp, line 759]
Event: 1.675 Thread 0x000001f4ffa430f0 Exception <a 'java/lang/NoSuchMethodError'{0x00000000c28f0af8}: 'int java.lang.invoke.DirectMethodHandle$Holder.invokeSpecial(java.lang.Object, java.lang.Object, int)'> (0x00000000c28f0af8) 
thrown [s\src\hotspot\share\interpreter\linkResolver.cpp, line 759]
Event: 1.676 Thread 0x000001f4ffa430f0 Exception <a 'java/lang/NoSuchMethodError'{0x00000000c28f83f0}: 'int java.lang.invoke.Invokers$Holder.linkToTargetMethod(java.lang.Object, java.lang.Object)'> (0x00000000c28f83f0) 
thrown [s\src\hotspot\share\interpreter\linkResolver.cpp, line 759]
Event: 1.704 Thread 0x000001f4ffa430f0 Exception <a 'java/lang/NoSuchMethodError'{0x00000000c27c9bb0}: 'java.lang.Object java.lang.invoke.DirectMethodHandle$Holder.invokeSpecial(java.lang.Object, java.lang.Object, java.lang.Object, java.lang.Object, java.lang.Object, java.lang.Object, java.lang.Object, java.lang.Object, java.lang.Object, java.lang.Object)'> (0x00000000c27c9bb0) 
thrown [s\src\hotspot\share\interpreter\linkResolver.cpp, line 759]
Event: 1.704 Thread 0x000001f4ffa430f0 Exception <a 'java/lang/NoSuchMethodError'{0x00000000c27ce198}: 'java.lang.Object java.lang.invoke.Invokers$Holder.invoke_MT(java.lang.Object, java.lang.Object, java.lang.Object, java.lang.Object, java.lang.Object, java.lang.Object, java.lang.Object, java.lang.Object, java.lang.Object, java.lang.Object)'> (0x00000000c27ce198) 
thrown [s\src\hotspot\share\interpreter\linkResolver.cpp, line 759]
Event: 1.710 Thread 0x000001f4ffa430f0 Exception <a 'java/lang/NoSuchMethodError'{0x00000000c2613cf8}: 'java.lang.Object java.lang.invoke.DirectMethodHandle$Holder.invokeSpecial(java.lang.Object, java.lang.Object, int, java.lang.Object, java.lang.Object)'> (0x00000000c2613cf8) 
thrown [s\src\hotspot\share\interpreter\linkResolver.cpp, line 759]
Event: 1.710 Thread 0x000001f4ffa430f0 Exception <a 'java/lang/NoSuchMethodError'{0x00000000c26179a0}: 'java.lang.Object java.lang.invoke.DelegatingMethodHandle$Holder.delegate(java.lang.Object, int, java.lang.Object, java.lang.Object)'> (0x00000000c26179a0) 
thrown [s\src\hotspot\share\interpreter\linkResolver.cpp, line 759]
Event: 1.712 Thread 0x000001f4ffa430f0 Exception <a 'java/lang/NoSuchMethodError'{0x00000000c2628828}: 'int java.lang.invoke.Invokers$Holder.linkToTargetMethod(java.lang.Object, java.lang.Object, java.lang.Object)'> (0x00000000c2628828) 
thrown [s\src\hotspot\share\interpreter\linkResolver.cpp, line 759]
Event: 1.776 Thread 0x000001f4ffa430f0 Exception <a 'java/lang/NoSuchMethodError'{0x00000000c24942b0}: 'void java.lang.invoke.DirectMethodHandle$Holder.invokeSpecial(java.lang.Object, java.lang.Object, java.lang.Object, java.lang.Object, java.lang.Object, java.lang.Object)'> (0x00000000c24942b0) 
thrown [s\src\hotspot\share\interpreter\linkResolver.cpp, line 759]
Event: 1.815 Thread 0x000001f4ffa430f0 Exception <a 'java/lang/NoSuchMethodError'{0x00000000c222d6f0}: 'java.lang.Object java.lang.invoke.DirectMethodHandle$Holder.invokeStaticInit(java.lang.Object, int, int, int, int)'> (0x00000000c222d6f0) 
thrown [s\src\hotspot\share\interpreter\linkResolver.cpp, line 759]
Event: 1.891 Thread 0x000001f4ffa430f0 Exception <a 'java/lang/NoSuchMethodError'{0x00000000c215c240}: 'java.lang.Object java.lang.invoke.DirectMethodHandle$Holder.invokeStaticInit(java.lang.Object, java.lang.Object, int, int, int, int)'> (0x00000000c215c240) 
thrown [s\src\hotspot\share\interpreter\linkResolver.cpp, line 759]

VM Operations (20 events):
Event: 1.081 Executing VM operation: G1CollectForAllocation done
Event: 1.142 Executing VM operation: HandshakeAllThreads
Event: 1.142 Executing VM operation: HandshakeAllThreads done
Event: 1.266 Executing VM operation: CollectForMetadataAllocation
Event: 1.270 Executing VM operation: CollectForMetadataAllocation done
Event: 1.273 Executing VM operation: G1Concurrent
Event: 1.275 Executing VM operation: G1Concurrent done
Event: 1.276 Executing VM operation: G1Concurrent
Event: 1.276 Executing VM operation: G1Concurrent done
Event: 1.302 Executing VM operation: HandshakeAllThreads
Event: 1.302 Executing VM operation: HandshakeAllThreads done
Event: 1.341 Executing VM operation: HandshakeAllThreads
Event: 1.341 Executing VM operation: HandshakeAllThreads done
Event: 1.499 Executing VM operation: G1CollectForAllocation
Event: 1.504 Executing VM operation: G1CollectForAllocation done
Event: 1.691 Executing VM operation: HandshakeAllThreads
Event: 1.691 Executing VM operation: HandshakeAllThreads done
Event: 1.799 Executing VM operation: HandshakeAllThreads
Event: 1.799 Executing VM operation: HandshakeAllThreads done
Event: 1.986 Executing VM operation: G1CollectForAllocation

Events (20 events):
Event: 1.966 loading class java/lang/invoke/VarHandleInts$FieldStaticReadOnly done
Event: 1.966 loading class java/lang/invoke/VarHandleInts$FieldStaticReadWrite done
Event: 1.966 loading class java/util/concurrent/ForkJoinPool$DefaultForkJoinWorkerThreadFactory
Event: 1.966 loading class java/util/concurrent/ForkJoinPool$ForkJoinWorkerThreadFactory
Event: 1.966 loading class java/util/concurrent/ForkJoinPool$ForkJoinWorkerThreadFactory done
Event: 1.966 loading class java/util/concurrent/ForkJoinPool$DefaultForkJoinWorkerThreadFactory done
Event: 1.966 loading class java/util/concurrent/ForkJoinPool$1
Event: 1.966 loading class java/util/concurrent/ForkJoinPool$1 done
Event: 1.966 loading class java/util/concurrent/ForkJoinPool$DefaultCommonPoolForkJoinWorkerThreadFactory
Event: 1.966 loading class java/util/concurrent/ForkJoinPool$DefaultCommonPoolForkJoinWorkerThreadFactory done
Event: 1.966 loading class java/util/concurrent/ForkJoinPool$WorkQueue
Event: 1.966 loading class java/util/concurrent/ForkJoinPool$WorkQueue done
Event: 1.966 loading class java/util/concurrent/CompletableFuture$Completion
Event: 1.966 loading class java/util/concurrent/CompletableFuture$AsynchronousCompletionTask
Event: 1.966 loading class java/util/concurrent/CompletableFuture$AsynchronousCompletionTask done
Event: 1.966 loading class java/util/concurrent/ForkJoinTask
Event: 1.966 loading class java/util/concurrent/ForkJoinTask done
Event: 1.966 loading class java/util/concurrent/CompletableFuture$Completion done
Event: 1.981 loading class java/io/StringWriter
Event: 1.981 loading class java/io/StringWriter done


Dynamic libraries:
0x00007ff606710000 - 0x00007ff60671e000 	c:\Users\Administrator\.vscode\extensions\redhat.java-1.15.0-win32-x64\jre\17.0.6-win32-x86_64\bin\java.exe
0x00007ffb470b0000 - 0x00007ffb472a8000 	C:\Windows\SYSTEM32\ntdll.dll
0x00007ffb45400000 - 0x00007ffb454bf000 	C:\Windows\System32\KERNEL32.DLL
0x00007ffb44bd0000 - 0x00007ffb44ea2000 	C:\Windows\System32\KERNELBASE.dll
0x00007ffb449d0000 - 0x00007ffb44ad0000 	C:\Windows\System32\ucrtbase.dll
0x00007ffb2eca0000 - 0x00007ffb2ecb9000 	c:\Users\Administrator\.vscode\extensions\redhat.java-1.15.0-win32-x64\jre\17.0.6-win32-x86_64\bin\VCRUNTIME140.dll
0x00007ffb2f0d0000 - 0x00007ffb2f0e7000 	c:\Users\Administrator\.vscode\extensions\redhat.java-1.15.0-win32-x64\jre\17.0.6-win32-x86_64\bin\jli.dll
0x00007ffb450f0000 - 0x00007ffb45291000 	C:\Windows\System32\USER32.dll
0x00007ffb450c0000 - 0x00007ffb450e2000 	C:\Windows\System32\win32u.dll
0x00007ffb453d0000 - 0x00007ffb453fb000 	C:\Windows\System32\GDI32.dll
0x00007ffb44eb0000 - 0x00007ffb44fbf000 	C:\Windows\System32\gdi32full.dll
0x00007ffb44930000 - 0x00007ffb449cd000 	C:\Windows\System32\msvcp_win.dll
0x00007ffb331e0000 - 0x00007ffb3347a000 	C:\Windows\WinSxS\amd64_microsoft.windows.common-controls_6595b64144ccf1df_6.0.19041.1110_none_60b5254171f9507e\COMCTL32.dll
0x00007ffb46090000 - 0x00007ffb4612e000 	C:\Windows\System32\msvcrt.dll
0x00007ffb454d0000 - 0x00007ffb45502000 	C:\Windows\System32\IMM32.DLL
0x00007ffb40330000 - 0x00007ffb4033c000 	c:\Users\Administrator\.vscode\extensions\redhat.java-1.15.0-win32-x64\jre\17.0.6-win32-x86_64\bin\vcruntime140_1.dll
0x00007ffb260f0000 - 0x00007ffb26181000 	c:\Users\Administrator\.vscode\extensions\redhat.java-1.15.0-win32-x64\jre\17.0.6-win32-x86_64\bin\msvcp140.dll
0x00007ffb10e70000 - 0x00007ffb11ab7000 	c:\Users\Administrator\.vscode\extensions\redhat.java-1.15.0-win32-x64\jre\17.0.6-win32-x86_64\bin\server\jvm.dll
0x00007ffb46b10000 - 0x00007ffb46bbe000 	C:\Windows\System32\ADVAPI32.dll
0x00007ffb45510000 - 0x00007ffb455ac000 	C:\Windows\System32\sechost.dll
0x00007ffb452a0000 - 0x00007ffb453c5000 	C:\Windows\System32\RPCRT4.dll
0x00007ffb3f480000 - 0x00007ffb3f48a000 	C:\Windows\SYSTEM32\VERSION.dll
0x00007ffb30ae0000 - 0x00007ffb30ae9000 	C:\Windows\SYSTEM32\WSOCK32.dll
0x00007ffb370a0000 - 0x00007ffb370c7000 	C:\Windows\SYSTEM32\WINMM.dll
0x00007ffb46130000 - 0x00007ffb4619b000 	C:\Windows\System32\WS2_32.dll
0x00007ffb42680000 - 0x00007ffb42692000 	C:\Windows\SYSTEM32\kernel.appcore.dll
0x00007ffb3d960000 - 0x00007ffb3d96a000 	c:\Users\Administrator\.vscode\extensions\redhat.java-1.15.0-win32-x64\jre\17.0.6-win32-x86_64\bin\jimage.dll
0x00007ffb346b0000 - 0x00007ffb34894000 	C:\Windows\SYSTEM32\DBGHELP.DLL
0x00007ffb2f170000 - 0x00007ffb2f1a5000 	C:\Windows\SYSTEM32\dbgcore.DLL
0x00007ffb44ad0000 - 0x00007ffb44b52000 	C:\Windows\System32\bcryptPrimitives.dll
0x00007ffb2ea70000 - 0x00007ffb2ea95000 	c:\Users\Administrator\.vscode\extensions\redhat.java-1.15.0-win32-x64\jre\17.0.6-win32-x86_64\bin\java.dll
0x00007ffb3d980000 - 0x00007ffb3d998000 	c:\Users\Administrator\.vscode\extensions\redhat.java-1.15.0-win32-x64\jre\17.0.6-win32-x86_64\bin\zip.dll
0x00007ffb461a0000 - 0x00007ffb468e5000 	C:\Windows\System32\SHELL32.dll
0x00007ffb42880000 - 0x00007ffb43012000 	C:\Windows\SYSTEM32\windows.storage.dll
0x00007ffb456f0000 - 0x00007ffb45a45000 	C:\Windows\System32\combase.dll
0x00007ffb44200000 - 0x00007ffb44230000 	C:\Windows\SYSTEM32\Wldp.dll
0x00007ffb46fc0000 - 0x00007ffb4706d000 	C:\Windows\System32\SHCORE.dll
0x00007ffb45690000 - 0x00007ffb456e5000 	C:\Windows\System32\shlwapi.dll
0x00007ffb446e0000 - 0x00007ffb446ff000 	C:\Windows\SYSTEM32\profapi.dll
0x00007ffb2f7c0000 - 0x00007ffb2f7d9000 	C:\Users\Administrator\.vscode\extensions\redhat.java-1.15.0-win32-x64\jre\17.0.6-win32-x86_64\bin\net.dll
0x00007ffb3e700000 - 0x00007ffb3e80c000 	C:\Windows\SYSTEM32\WINHTTP.dll
0x00007ffb43f60000 - 0x00007ffb43fca000 	C:\Windows\system32\mswsock.dll
0x00007ffb2f780000 - 0x00007ffb2f795000 	C:\Users\Administrator\.vscode\extensions\redhat.java-1.15.0-win32-x64\jre\17.0.6-win32-x86_64\bin\nio.dll
0x00007ffb31d80000 - 0x00007ffb31d90000 	c:\Users\Administrator\.vscode\extensions\redhat.java-1.15.0-win32-x64\jre\17.0.6-win32-x86_64\bin\verify.dll
0x00007ffb44150000 - 0x00007ffb44168000 	C:\Windows\SYSTEM32\CRYPTSP.dll
0x00007ffb43810000 - 0x00007ffb43844000 	C:\Windows\system32\rsaenh.dll
0x00007ffb44900000 - 0x00007ffb44927000 	C:\Windows\System32\bcrypt.dll
0x00007ffb446a0000 - 0x00007ffb446ce000 	C:\Windows\SYSTEM32\USERENV.dll
0x00007ffb44170000 - 0x00007ffb4417c000 	C:\Windows\SYSTEM32\CRYPTBASE.dll
0x00007ffb43c00000 - 0x00007ffb43c3b000 	C:\Windows\SYSTEM32\IPHLPAPI.DLL
0x00007ffb46d50000 - 0x00007ffb46d58000 	C:\Windows\System32\NSI.dll
0x00007ffb3ea70000 - 0x00007ffb3ea87000 	C:\Windows\SYSTEM32\dhcpcsvc6.DLL
0x00007ffb3f460000 - 0x00007ffb3f47d000 	C:\Windows\SYSTEM32\dhcpcsvc.DLL
0x00007ffb43c40000 - 0x00007ffb43d0b000 	C:\Windows\SYSTEM32\DNSAPI.dll

dbghelp: loaded successfully - version: 4.0.5 - missing functions: none
symbol engine: initialized successfully - sym options: 0x614 - pdb path: .;c:\Users\Administrator\.vscode\extensions\redhat.java-1.15.0-win32-x64\jre\17.0.6-win32-x86_64\bin;C:\Windows\SYSTEM32;C:\Windows\WinSxS\amd64_microsoft.windows.common-controls_6595b64144ccf1df_6.0.19041.1110_none_60b5254171f9507e;c:\Users\Administrator\.vscode\extensions\redhat.java-1.15.0-win32-x64\jre\17.0.6-win32-x86_64\bin\server

VM Arguments:
jvm_args: -XX:+HeapDumpOnOutOfMemoryError -Xmx1024m -Dsts.lsp.client=vscode -Dsts.log.file=/dev/null -XX:TieredStopAtLevel=1 -Xlog:jni+resolve=off -Dspring.config.location=file:c:\Users\Administrator\.vscode\extensions\vmware.vscode-spring-boot-1.44.0\language-server\BOOT-INF\classes\application.properties 
java_command: org.springframework.ide.vscode.boot.app.BootLanguageServerBootApp
java_class_path (initial): c:\Users\Administrator\.vscode\extensions\vmware.vscode-spring-boot-1.44.0\language-server\BOOT-INF\classes;c:\Users\Administrator\.vscode\extensions\vmware.vscode-spring-boot-1.44.0\language-server\BOOT-INF\lib\annotations-24.0.0.jar;c:\Users\Administrator\.vscode\extensions\vmware.vscode-spring-boot-1.44.0\language-server\BOOT-INF\lib\ant-1.10.13.jar;c:\Users\Administrator\.vscode\extensions\vmware.vscode-spring-boot-1.44.0\language-server\BOOT-INF\lib\ant-launcher-1.10.13.jar;c:\Users\Administrator\.vscode\extensions\vmware.vscode-spring-boot-1.44.0\language-server\BOOT-INF\lib\antlr-runtime-3.5.2.jar;c:\Users\Administrator\.vscode\extensions\vmware.vscode-spring-boot-1.44.0\language-server\BOOT-INF\lib\antlr4-4.9.3.jar;c:\Users\Administrator\.vscode\extensions\vmware.vscode-spring-boot-1.44.0\language-server\BOOT-INF\lib\antlr4-runtime-4.9.3.jar;c:\Users\Administrator\.vscode\extensions\vmware.vscode-spring-boot-1.44.0\language-server\BOOT-INF\lib\apiguardian-api-1.1.2.jar;c:\Users\Administrator\.vscode\extensions\vmware.vscode-spring-boot-1.44.0\language-server\BOOT-INF\lib\asm-9.4.jar;c:\Users\Administrator\.vscode\extensions\vmware.vscode-spring-boot-1.44.0\language-server\BOOT-INF\lib\asm-analysis-9.4.jar;c:\Users\Administrator\.vscode\extensions\vmware.vscode-spring-boot-1.44.0\language-server\BOOT-INF\lib\asm-tree-9.4.jar;c:\Users\Administrator\.vscode\extensions\vmware.vscode-spring-boot-1.44.0\language-server\BOOT-INF\lib\asm-util-9.4.jar;c:\Users\Administrator\.vscode\extensions\vmware.vscode-spring-boot-1.44.0\language-server\BOOT-INF\lib\caffeine-3.1.2.jar;c:\Users\Administrator\.vscode\extensions\vmware.vscode-spring-boot-1.44.0\language-server\BOOT-INF\lib\checker-qual-3.12.0.jar;c:\Users\Administrator\.vscode\extensions\vmware.vscode-spring-boot-1.44.0\language-server\BOOT-INF\lib\ci-environment-9.1.0.jar;c:\Users\Administrator\.vscode\extensions\vmware.vscode-spring-boot-1.44.0\language-server\BOOT-INF\lib\classgraph-4
Launcher Type: SUN_STANDARD

[Global flags]
     intx CICompilerCount                          = 4                                         {product} {ergonomic}
     uint ConcGCThreads                            = 3                                         {product} {ergonomic}
     uint G1ConcRefinementThreads                  = 10                                        {product} {ergonomic}
   size_t G1HeapRegionSize                         = 1048576                                   {product} {ergonomic}
    uintx GCDrainStackTargetSize                   = 64                                        {product} {ergonomic}
     bool HeapDumpOnOutOfMemoryError               = true                                   {manageable} {command line}
   size_t InitialHeapSize                          = 268435456                                 {product} {ergonomic}
   size_t MarkStackSize                            = 4194304                                   {product} {ergonomic}
   size_t MaxHeapSize                              = 1073741824                                {product} {command line}
   size_t MaxNewSize                               = 643825664                                 {product} {ergonomic}
   size_t MinHeapDeltaBytes                        = 1048576                                   {product} {ergonomic}
   size_t MinHeapSize                              = 8388608                                   {product} {ergonomic}
    uintx NonProfiledCodeHeapSize                  = 0                                      {pd product} {ergonomic}
     bool ProfileInterpreter                       = false                                  {pd product} {command line}
    uintx ProfiledCodeHeapSize                     = 0                                      {pd product} {ergonomic}
   size_t SoftMaxHeapSize                          = 1073741824                             {manageable} {ergonomic}
     intx TieredStopAtLevel                        = 1                                         {product} {command line}
     bool UseCompressedClassPointers               = true                           {product lp64_product} {ergonomic}
     bool UseCompressedOops                        = true                           {product lp64_product} {ergonomic}
     bool UseG1GC                                  = true                                      {product} {ergonomic}
     bool UseLargePagesIndividualAllocation        = false                                  {pd product} {ergonomic}

Logging:
Log output configuration:
 #0: stdout all=warning,jni+resolve=off uptime,level,tags
 #1: stderr all=off uptime,level,tags

Environment Variables:
JAVA_HOME=C:\Program Files\Java\jdk-17.0.4.1
PATH=C:\Program Files\Common Files\Oracle\Java\javapath;C:\Program Files (x86)\Common Files\Intel\Shared Libraries\redist\intel64\compiler;C:\Windows\system32;C:\Windows;C:\Windows\System32\Wbem;C:\Windows\System32\WindowsPowerShell\v1.0\;C:\Windows\System32\OpenSSH\;C:\Program Files\Bandizip\;C:\Program Files\Git\cmd;C:\Program Files\nodejs\;C:\Users\Administrator\AppData\Local\Microsoft\WindowsApps;"C:\Program Files\Java\jdk-17.0.4.1\lib;.";C:\Program Files\MySQL\MySQL Server 8.0\bin;C:\Users\Administrator\AppData\Local\Programs\Microsoft VS Code\bin;C:\Users\Administrator\AppData\Roaming\npm
USERNAME=Administrator
OS=Windows_NT
PROCESSOR_IDENTIFIER=Intel64 Family 6 Model 158 Stepping 10, GenuineIntel
TMP=C:\Users\ADMINI~1\AppData\Local\Temp
TEMP=C:\Users\ADMINI~1\AppData\Local\Temp



---------------  S Y S T E M  ---------------

OS:
 Windows 10 , 64 bit Build 19041 (10.0.19041.2546)
OS uptime: 0 days 4:16 hours

CPU: total 12 (initial active 12) (6 cores per cpu, 2 threads per core) family 6 model 158 stepping 10 microcode 0xb4, cx8, cmov, fxsr, ht, mmx, 3dnowpref, sse, sse2, sse3, ssse3, sse4.1, sse4.2, popcnt, lzcnt, tsc, tscinvbit, avx, avx2, aes, erms, clmul, bmi1, bmi2, rtm, adx, fma, vzeroupper, clflush, clflushopt

Memory: 4k page, system-wide physical 16301M (3723M free)
TotalPageFile size 18733M (AvailPageFile size 2820M)
current process WorkingSet (physical memory assigned to process): 121M, peak: 121M
current process commit charge ("private bytes"): 165M, peak: 371M

vm_info: OpenJDK 64-Bit Server VM (17.0.6+10) for windows-amd64 JRE (17.0.6+10), built on Jan 18 2023 10:08:59 by "temurin" with MS VC++ 16.7 (VS2019)

END.
